итого 132
drwxr-xr-x  26 root root  4096 июл  8 23:57 .
drwxr-xr-x  26 root root  4096 июл  8 23:57 ..
-rw-r--r--   1 root root     0 апр 15  2023 .autorelabel
drwxr-xr-x   2 root root  4096 июл  8 23:55 bin
drwxr-xr-x   3 root root  4096 ноя 17 10:21 boot
drwxr-xr-x  20 root root  4040 дек 18 19:11 dev
-rw-r--r--   1 root root   120 ноя 14  2023 domains.txt
drwxr-xr-x 168 root root 12288 дек 18 19:11 etc
drwxr-xr-x   4 root root  4096 авг 13  2023 home
lrwxrwxrwx   1 root root    31 июл  8 23:57 initrd.img -> boot/initrd.img-4.19.0-27-amd64
lrwxrwxrwx   1 root root    31 июл  8 23:57 initrd.img.old -> boot/initrd.img-4.19.0-26-amd64
-rwxr-xr-x   1 root root   459 мар 20  2020 install-script.sh
drwxr-xr-x  22 root root  4096 июл  8 23:54 lib
drwxr-xr-x   2 root root  4096 июл  8 23:54 lib32
drwxr-xr-x   2 root root  4096 июл  8 23:54 lib64
drwx------  53 root root 16384 фев 18  2022 lost+found
drwxr-xr-x   3 root root  4096 фев 20  2022 media
drwxr-xr-x   3 root root  4096 ноя 28 21:00 mnt
drwxr-xr-x  11 root root  4096 июн 13  2024 opt
dr-xr-xr-x 366 root root     0 дек 18 18:52 proc
drwx------  18 root root  4096 дек 14 10:46 root
drwxr-xr-x  42 root root  1200 дек 18 19:11 run
drwxr-xr-x   2 root root 12288 ноя 28 20:52 sbin
drwxr-xr-x  13 root root  4096 сен  8 19:09 snap
drwxr-xr-x   2 root root  4096 мар 13  2020 srv
dr-xr-xr-x  13 root root     0 дек 18 18:52 sys
drwxr-xr-x   2 root root  4096 сен 21  2023 System Volume Information
drwxr-xr-x   9 root root  4096 дек 18 19:08 timeshift
drwxrwxrwt  23 root root 12288 дек 18 19:28 tmp
drwxr-xr-x  12 root root  4096 апр  9  2022 usr
drwxr-xr-x  13 root root  4096 фев 26  2022 var
lrwxrwxrwx   1 root root    28 июл  8 23:57 vmlinuz -> boot/vmlinuz-4.19.0-27-amd64
lrwxrwxrwx   1 root root    28 июл  8 23:57 vmlinuz.old -> boot/vmlinuz-4.19.0-26-amd64
